This file contains any messages produced by compilers while
running configure, to aid debugging if configure makes a mistake.

It was created by configure, which was
generated by GNU Autoconf 2.57.  Invocation command line was

  $ ./configure 

## --------- ##
## Platform. ##
## --------- ##

hostname = box.bu.edu
uname -m = x86_64
uname -r = 3.2.0-27-generic
uname -s = Linux
uname -v = #43-Ubuntu SMP Fri Jul 6 14:25:57 UTC 2012

/usr/bin/uname -p = unknown
/bin/uname -X     = unknown

/bin/arch              = unknown
/usr/bin/arch -k       = unknown
/usr/convex/getsysinfo = unknown
hostinfo               = unknown
/bin/machine           = unknown
/usr/bin/oslevel       = unknown
/bin/universe          = unknown

PATH: /opt/Matlab/bin
PATH: /usr/local/cuda/bin
PATH: /opt/ros/diamondback/eros/tools/eros_python_tools/scripts
PATH: /opt/ros/diamondback/ros/bin
PATH: /usr/lib/lightdm/lightdm
PATH: /usr/local/sbin
PATH: /usr/local/bin
PATH: /usr/sbin
PATH: /usr/bin
PATH: /sbin
PATH: /bin
PATH: /usr/games
PATH: /home/rghunter/khepera3toolbox/Scripts
PATH: /home/rghunter/OpenPilot/build/ground/openpilotgcs/bin


## ----------- ##
## Core tests. ##
## ----------- ##

configure:1305: checking for a BSD-compatible install
configure:1359: result: /usr/bin/install -c
configure:1370: checking whether build environment is sane
configure:1413: result: yes
configure:1446: checking for gawk
configure:1462: found /usr/bin/gawk
configure:1472: result: gawk
configure:1482: checking whether make sets $(MAKE)
configure:1502: result: yes
configure:1667: checking whether to enable maintainer-specific portions of Makefiles
configure:1676: result: no
configure:1738: checking for gcc
configure:1754: found /usr/bin/gcc
configure:1764: result: gcc
configure:2008: checking for C compiler version
configure:2011: gcc --version </dev/null >&5
gcc-4.6.real (Ubuntu/Linaro 4.6.3-1ubuntu5) 4.6.3
Copyright (C) 2011 Free Software Foundation, Inc.
This is free software; see the source for copying conditions.  There is NO
warranty; not even for MERCHANTABILITY or FITNESS FOR A PARTICULAR PURPOSE.

configure:2014: $? = 0
configure:2016: gcc -v </dev/null >&5
Using built-in specs.
COLLECT_GCC=/usr/bin/gcc-4.6.real
COLLECT_LTO_WRAPPER=/usr/lib/gcc/x86_64-linux-gnu/4.6/lto-wrapper
Target: x86_64-linux-gnu
Configured with: ../src/configure -v --with-pkgversion='Ubuntu/Linaro 4.6.3-1ubuntu5' --with-bugurl=file:///usr/share/doc/gcc-4.6/README.Bugs --enable-languages=c,c++,fortran,objc,obj-c++ --prefix=/usr --program-suffix=-4.6 --enable-shared --enable-linker-build-id --with-system-zlib --libexecdir=/usr/lib --without-included-gettext --enable-threads=posix --with-gxx-include-dir=/usr/include/c++/4.6 --libdir=/usr/lib --enable-nls --with-sysroot=/ --enable-clocale=gnu --enable-libstdcxx-debug --enable-libstdcxx-time=yes --enable-gnu-unique-object --enable-plugin --enable-objc-gc --disable-werror --with-arch-32=i686 --with-tune=generic --enable-checking=release --build=x86_64-linux-gnu --host=x86_64-linux-gnu --target=x86_64-linux-gnu
Thread model: posix
gcc version 4.6.3 (Ubuntu/Linaro 4.6.3-1ubuntu5) 
configure:2019: $? = 0
configure:2021: gcc -V </dev/null >&5
gcc-4.6.real: error: unrecognized option '-V'
gcc-4.6.real: fatal error: no input files
compilation terminated.
configure:2024: $? = 4
configure:2048: checking for C compiler default output
configure:2051: gcc    conftest.c  >&5
configure:2054: $? = 0
configure:2100: result: a.out
configure:2105: checking whether the C compiler works
configure:2111: ./a.out
configure:2114: $? = 0
configure:2131: result: yes
configure:2138: checking whether we are cross compiling
configure:2140: result: no
configure:2143: checking for suffix of executables
configure:2145: gcc -o conftest    conftest.c  >&5
configure:2148: $? = 0
configure:2173: result: 
configure:2179: checking for suffix of object files
configure:2201: gcc -c   conftest.c >&5
configure:2204: $? = 0
configure:2226: result: o
configure:2230: checking whether we are using the GNU C compiler
configure:2255: gcc -c   conftest.c >&5
configure:2258: $? = 0
configure:2261: test -s conftest.o
configure:2264: $? = 0
configure:2277: result: yes
configure:2283: checking whether gcc accepts -g
configure:2305: gcc -c -g  conftest.c >&5
configure:2308: $? = 0
configure:2311: test -s conftest.o
configure:2314: $? = 0
configure:2325: result: yes
configure:2342: checking for gcc option to accept ANSI C
configure:2403: gcc  -c -g -O2  conftest.c >&5
configure:2406: $? = 0
configure:2409: test -s conftest.o
configure:2412: $? = 0
configure:2430: result: none needed
configure:2448: gcc -c -g -O2  conftest.c >&5
conftest.c:2:3: error: unknown type name 'choke'
conftest.c:2:3: error: expected '=', ',', ';', 'asm' or '__attribute__' at end of input
configure:2451: $? = 1
configure: failed program was:
| #ifndef __cplusplus
|   choke me
| #endif
configure:2570: checking for style of include used by make
configure:2598: result: GNU
configure:2626: checking dependency style of gcc
configure:2709: result: gcc3
configure:2731: checking how to run the C preprocessor
configure:2767: gcc -E  conftest.c
configure:2773: $? = 0
configure:2805: gcc -E  conftest.c
configure:2806:28: fatal error: ac_nonexistent.h: No such file or directory
compilation terminated.
configure:2811: $? = 1
configure: failed program was:
| #line 2796 "configure"
| /* confdefs.h.  */
| 
| #define PACKAGE_NAME ""
| #define PACKAGE_TARNAME ""
| #define PACKAGE_VERSION ""
| #define PACKAGE_STRING ""
| #define PACKAGE_BUGREPORT ""
| #define PACKAGE "time"
| #define VERSION "1.7"
| /* end confdefs.h.  */
| #include <ac_nonexistent.h>
configure:2849: result: gcc -E
configure:2874: gcc -E  conftest.c
configure:2880: $? = 0
configure:2912: gcc -E  conftest.c
configure:2913:28: fatal error: ac_nonexistent.h: No such file or directory
compilation terminated.
configure:2918: $? = 1
configure: failed program was:
| #line 2903 "configure"
| /* confdefs.h.  */
| 
| #define PACKAGE_NAME ""
| #define PACKAGE_TARNAME ""
| #define PACKAGE_VERSION ""
| #define PACKAGE_STRING ""
| #define PACKAGE_BUGREPORT ""
| #define PACKAGE "time"
| #define VERSION "1.7"
| /* end confdefs.h.  */
| #include <ac_nonexistent.h>
configure:2972: checking for a BSD-compatible install
configure:3026: result: /usr/bin/install -c
configure:3040: checking for egrep
configure:3050: result: grep -E
configure:3055: checking for ANSI C header files
configure:3081: gcc -c -g -O2  conftest.c >&5
configure:3084: $? = 0
configure:3087: test -s conftest.o
configure:3090: $? = 0
configure:3182: gcc -o conftest -g -O2   conftest.c  >&5
configure: In function 'main':
configure:3177:7: warning: incompatible implicit declaration of built-in function 'exit' [enabled by default]
configure:3185: $? = 0
configure:3187: ./conftest
configure:3190: $? = 0
configure:3205: result: yes
configure:3215: checking for sys/wait.h that is POSIX.1 compatible
configure:3247: gcc -c -g -O2  conftest.c >&5
configure:3250: $? = 0
configure:3253: test -s conftest.o
configure:3256: $? = 0
configure:3267: result: yes
configure:3291: checking for sys/types.h
configure:3308: gcc -c -g -O2  conftest.c >&5
configure:3311: $? = 0
configure:3314: test -s conftest.o
configure:3317: $? = 0
configure:3328: result: yes
configure:3291: checking for sys/stat.h
configure:3308: gcc -c -g -O2  conftest.c >&5
configure:3311: $? = 0
configure:3314: test -s conftest.o
configure:3317: $? = 0
configure:3328: result: yes
configure:3291: checking for stdlib.h
configure:3308: gcc -c -g -O2  conftest.c >&5
configure:3311: $? = 0
configure:3314: test -s conftest.o
configure:3317: $? = 0
configure:3328: result: yes
configure:3291: checking for string.h
configure:3308: gcc -c -g -O2  conftest.c >&5
configure:3311: $? = 0
configure:3314: test -s conftest.o
configure:3317: $? = 0
configure:3328: result: yes
configure:3291: checking for memory.h
configure:3308: gcc -c -g -O2  conftest.c >&5
configure:3311: $? = 0
configure:3314: test -s conftest.o
configure:3317: $? = 0
configure:3328: result: yes
configure:3291: checking for strings.h
configure:3308: gcc -c -g -O2  conftest.c >&5
configure:3311: $? = 0
configure:3314: test -s conftest.o
configure:3317: $? = 0
configure:3328: result: yes
configure:3291: checking for inttypes.h
configure:3308: gcc -c -g -O2  conftest.c >&5
configure:3311: $? = 0
configure:3314: test -s conftest.o
configure:3317: $? = 0
configure:3328: result: yes
configure:3291: checking for stdint.h
configure:3308: gcc -c -g -O2  conftest.c >&5
configure:3311: $? = 0
configure:3314: test -s conftest.o
configure:3317: $? = 0
configure:3328: result: yes
configure:3291: checking for unistd.h
configure:3308: gcc -c -g -O2  conftest.c >&5
configure:3311: $? = 0
configure:3314: test -s conftest.o
configure:3317: $? = 0
configure:3328: result: yes
configure:3348: checking for unistd.h
configure:3353: result: yes
configure:3348: checking for string.h
configure:3353: result: yes
configure:3357: checking sys/rusage.h usability
configure:3370: gcc -c -g -O2  conftest.c >&5
configure:3416:24: fatal error: sys/rusage.h: No such file or directory
compilation terminated.
configure:3373: $? = 1
configure: failed program was:
| #line 3359 "configure"
| /* confdefs.h.  */
| 
| #define PACKAGE_NAME ""
| #define PACKAGE_TARNAME ""
| #define PACKAGE_VERSION ""
| #define PACKAGE_STRING ""
| #define PACKAGE_BUGREPORT ""
| #define PACKAGE "time"
| #define VERSION "1.7"
| #define STDC_HEADERS 1
| #define HAVE_SYS_WAIT_H 1
| #define HAVE_SYS_TYPES_H 1
| #define HAVE_SYS_STAT_H 1
| #define HAVE_STDLIB_H 1
| #define HAVE_STRING_H 1
| #define HAVE_MEMORY_H 1
| #define HAVE_STRINGS_H 1
| #define HAVE_INTTYPES_H 1
| #define HAVE_STDINT_H 1
| #define HAVE_UNISTD_H 1
| #define HAVE_UNISTD_H 1
| #define HAVE_STRING_H 1
| /* end confdefs.h.  */
| #include <stdio.h>
| #if HAVE_SYS_TYPES_H
| # include <sys/types.h>
| #endif
| #if HAVE_SYS_STAT_H
| # include <sys/stat.h>
| #endif
| #if STDC_HEADERS
| # include <stdlib.h>
| # include <stddef.h>
| #else
| # if HAVE_STDLIB_H
| #  include <stdlib.h>
| # endif
| #endif
| #if HAVE_STRING_H
| # if !STDC_HEADERS && HAVE_MEMORY_H
| #  include <memory.h>
| # endif
| # include <string.h>
| #endif
| #if HAVE_STRINGS_H
| # include <strings.h>
| #endif
| #if HAVE_INTTYPES_H
| # include <inttypes.h>
| #else
| # if HAVE_STDINT_H
| #  include <stdint.h>
| # endif
| #endif
| #if HAVE_UNISTD_H
| # include <unistd.h>
| #endif
| #include <sys/rusage.h>
configure:3389: result: no
configure:3393: checking sys/rusage.h presence
configure:3404: gcc -E  conftest.c
configure:3418:24: fatal error: sys/rusage.h: No such file or directory
compilation terminated.
configure:3410: $? = 1
configure: failed program was:
| #line 3395 "configure"
| /* confdefs.h.  */
| 
| #define PACKAGE_NAME ""
| #define PACKAGE_TARNAME ""
| #define PACKAGE_VERSION ""
| #define PACKAGE_STRING ""
| #define PACKAGE_BUGREPORT ""
| #define PACKAGE "time"
| #define VERSION "1.7"
| #define STDC_HEADERS 1
| #define HAVE_SYS_WAIT_H 1
| #define HAVE_SYS_TYPES_H 1
| #define HAVE_SYS_STAT_H 1
| #define HAVE_STDLIB_H 1
| #define HAVE_STRING_H 1
| #define HAVE_MEMORY_H 1
| #define HAVE_STRINGS_H 1
| #define HAVE_INTTYPES_H 1
| #define HAVE_STDINT_H 1
| #define HAVE_UNISTD_H 1
| #define HAVE_UNISTD_H 1
| #define HAVE_STRING_H 1
| /* end confdefs.h.  */
| #include <sys/rusage.h>
configure:3429: result: no
configure:3465: checking for sys/rusage.h
configure:3472: result: no
configure:3357: checking sys/resource.h usability
configure:3370: gcc -c -g -O2  conftest.c >&5
configure:3373: $? = 0
configure:3376: test -s conftest.o
configure:3379: $? = 0
configure:3389: result: yes
configure:3393: checking sys/resource.h presence
configure:3404: gcc -E  conftest.c
configure:3410: $? = 0
configure:3429: result: yes
configure:3465: checking for sys/resource.h
configure:3472: result: yes
configure:3486: checking for an ANSI C-conforming const
configure:3554: gcc -c -g -O2  conftest.c >&5
configure:3557: $? = 0
configure:3560: test -s conftest.o
configure:3563: $? = 0
configure:3574: result: yes
configure:3584: checking for pid_t
configure:3609: gcc -c -g -O2  conftest.c >&5
configure:3612: $? = 0
configure:3615: test -s conftest.o
configure:3618: $? = 0
configure:3629: result: yes
configure:3641: checking for size_t
configure:3666: gcc -c -g -O2  conftest.c >&5
configure:3669: $? = 0
configure:3672: test -s conftest.o
configure:3675: $? = 0
configure:3686: result: yes
configure:3698: checking return type of signal handlers
configure:3730: gcc -c -g -O2  conftest.c >&5
configure:3733: $? = 0
configure:3736: test -s conftest.o
configure:3739: $? = 0
configure:3750: result: void
configure:3759: checking for struct timeval in sys/time.h
configure:3779: result: yes
configure:3790: checking for vprintf
configure:3840: gcc -o conftest -g -O2   conftest.c  >&5
configure:3837:6: warning: conflicting types for built-in function 'vprintf' [enabled by default]
configure:3843: $? = 0
configure:3846: test -s conftest
configure:3849: $? = 0
configure:3860: result: yes
configure:3867: checking for _doprnt
configure:3917: gcc -o conftest -g -O2   conftest.c  >&5
/tmp/ccMvUWUz.o:(.data+0x0): undefined reference to `_doprnt'
/tmp/ccMvUWUz.o: In function `main':
/home/rghunter/time-1.7/configure:3931: undefined reference to `_doprnt'
collect2: ld returned 1 exit status
configure:3920: $? = 1
configure: failed program was:
| #line 3872 "configure"
| /* confdefs.h.  */
| 
| #define PACKAGE_NAME ""
| #define PACKAGE_TARNAME ""
| #define PACKAGE_VERSION ""
| #define PACKAGE_STRING ""
| #define PACKAGE_BUGREPORT ""
| #define PACKAGE "time"
| #define VERSION "1.7"
| #define STDC_HEADERS 1
| #define HAVE_SYS_WAIT_H 1
| #define HAVE_SYS_TYPES_H 1
| #define HAVE_SYS_STAT_H 1
| #define HAVE_STDLIB_H 1
| #define HAVE_STRING_H 1
| #define HAVE_MEMORY_H 1
| #define HAVE_STRINGS_H 1
| #define HAVE_INTTYPES_H 1
| #define HAVE_STDINT_H 1
| #define HAVE_UNISTD_H 1
| #define HAVE_UNISTD_H 1
| #define HAVE_STRING_H 1
| #define HAVE_SYS_RESOURCE_H 1
| #define RETSIGTYPE void
| #define HAVE_TIMEVAL 1
| #define HAVE_VPRINTF 1
| /* end confdefs.h.  */
| /* System header to define __stub macros and hopefully few prototypes,
|     which can conflict with char _doprnt (); below.
|     Prefer <limits.h> to <assert.h> if __STDC__ is defined, since
|     <limits.h> exists even on freestanding compilers.  */
| #ifdef __STDC__
| # include <limits.h>
| #else
| # include <assert.h>
| #endif
| /* Override any gcc2 internal prototype to avoid an error.  */
| #ifdef __cplusplus
| extern "C"
| {
| #endif
| /* We use char because int might match the return type of a gcc2
|    builtin and then its argument prototype would still apply.  */
| char _doprnt ();
| /* The GNU C library defines this for functions which it implements
|     to always fail with ENOSYS.  Some functions are actually named
|     something starting with __ and the normal name is an alias.  */
| #if defined (__stub__doprnt) || defined (__stub____doprnt)
| choke me
| #else
| char (*f) () = _doprnt;
| #endif
| #ifdef __cplusplus
| }
| #endif
| 
| int
| main ()
| {
| return f != _doprnt;
|   ;
|   return 0;
| }
configure:3937: result: no
configure:3951: checking for wait3 that fills in rusage
configure:4003: gcc -o conftest -g -O2   conftest.c  >&5
configure: In function 'main':
configure:4008:7: warning: incompatible implicit declaration of built-in function '_exit' [enabled by default]
configure:4017:7: warning: incompatible implicit declaration of built-in function 'exit' [enabled by default]
configure:4006: $? = 0
configure:4008: ./conftest
configure:4011: $? = 0
configure:4025: result: yes
configure:4039: checking for strerror
configure:4089: gcc -o conftest -g -O2   conftest.c  >&5
configure:4092: $? = 0
configure:4095: test -s conftest
configure:4098: $? = 0
configure:4109: result: yes
configure:4120: checking for getpagesize
configure:4139: gcc -o conftest -g -O2   conftest.c  >&5
configure:4142: $? = 0
configure:4145: test -s conftest
configure:4148: $? = 0
configure:4158: result: yes
configure:4313: creating ./config.status

## ---------------------- ##
## Running config.status. ##
## ---------------------- ##

This file was extended by config.status, which was
generated by GNU Autoconf 2.57.  Invocation command line was

  CONFIG_FILES    = 
  CONFIG_HEADERS  = 
  CONFIG_LINKS    = 
  CONFIG_COMMANDS = 
  $ ./config.status 

on box.bu.edu

config.status:647: creating Makefile
config.status:772: executing depfiles commands

## ---------------- ##
## Cache variables. ##
## ---------------- ##

ac_cv_c_compiler_gnu=yes
ac_cv_c_const=yes
ac_cv_env_CC_set=
ac_cv_env_CC_value=
ac_cv_env_CFLAGS_set=
ac_cv_env_CFLAGS_value=
ac_cv_env_CPPFLAGS_set=
ac_cv_env_CPPFLAGS_value=
ac_cv_env_CPP_set=
ac_cv_env_CPP_value=
ac_cv_env_LDFLAGS_set=
ac_cv_env_LDFLAGS_value=
ac_cv_env_build_alias_set=
ac_cv_env_build_alias_value=
ac_cv_env_host_alias_set=
ac_cv_env_host_alias_value=
ac_cv_env_target_alias_set=
ac_cv_env_target_alias_value=
ac_cv_exeext=
ac_cv_func__doprnt=no
ac_cv_func_strerror=yes
ac_cv_func_vprintf=yes
ac_cv_func_wait3_rusage=yes
ac_cv_header_inttypes_h=yes
ac_cv_header_memory_h=yes
ac_cv_header_stdc=yes
ac_cv_header_stdint_h=yes
ac_cv_header_stdlib_h=yes
ac_cv_header_string_h=yes
ac_cv_header_strings_h=yes
ac_cv_header_sys_resource_h=yes
ac_cv_header_sys_rusage_h=no
ac_cv_header_sys_stat_h=yes
ac_cv_header_sys_types_h=yes
ac_cv_header_sys_wait_h=yes
ac_cv_header_unistd_h=yes
ac_cv_objext=o
ac_cv_path_install='/usr/bin/install -c'
ac_cv_prog_AWK=gawk
ac_cv_prog_CPP='gcc -E'
ac_cv_prog_ac_ct_CC=gcc
ac_cv_prog_cc_g=yes
ac_cv_prog_cc_stdc=
ac_cv_prog_egrep='grep -E'
ac_cv_prog_make_make_set=yes
ac_cv_type_pid_t=yes
ac_cv_type_signal=void
ac_cv_type_size_t=yes
am_cv_CC_dependencies_compiler_type=gcc3

## ----------------- ##
## Output variables. ##
## ----------------- ##

ACLOCAL='${SHELL} /home/rghunter/time-1.7/missing --run aclocal-1.7'
AMDEPBACKSLASH='\'
AMDEP_FALSE='#'
AMDEP_TRUE=''
AMTAR='${SHELL} /home/rghunter/time-1.7/missing --run tar'
AUTOCONF='${SHELL} /home/rghunter/time-1.7/missing --run autoconf'
AUTOHEADER='${SHELL} /home/rghunter/time-1.7/missing --run autoheader'
AUTOMAKE='${SHELL} /home/rghunter/time-1.7/missing --run automake-1.7'
AWK='gawk'
CC='gcc'
CCDEPMODE='depmode=gcc3'
CFLAGS='-g -O2'
CPP='gcc -E'
CPPFLAGS=''
CYGPATH_W='echo'
DEFS='-DPACKAGE_NAME=\"\" -DPACKAGE_TARNAME=\"\" -DPACKAGE_VERSION=\"\" -DPACKAGE_STRING=\"\" -DPACKAGE_BUGREPORT=\"\" -DPACKAGE=\"time\" -DVERSION=\"1.7\" -DSTDC_HEADERS=1 -DHAVE_SYS_WAIT_H=1 -DHAVE_SYS_TYPES_H=1 -DHAVE_SYS_STAT_H=1 -DHAVE_STDLIB_H=1 -DHAVE_STRING_H=1 -DHAVE_MEMORY_H=1 -DHAVE_STRINGS_H=1 -DHAVE_INTTYPES_H=1 -DHAVE_STDINT_H=1 -DHAVE_UNISTD_H=1 -DHAVE_UNISTD_H=1 -DHAVE_STRING_H=1 -DHAVE_SYS_RESOURCE_H=1 -DRETSIGTYPE=void -DHAVE_TIMEVAL=1 -DHAVE_VPRINTF=1 -DHAVE_WAIT3=1 -DHAVE_STRERROR=1 -DHAVE_GETPAGESIZE=1 '
DEPDIR='.deps'
ECHO_C=''
ECHO_N='-n'
ECHO_T=''
EGREP='grep -E'
EXEEXT=''
INSTALL_DATA='${INSTALL} -m 644'
INSTALL_PROGRAM='${INSTALL}'
INSTALL_SCRIPT='${INSTALL}'
INSTALL_STRIP_PROGRAM='${SHELL} $(install_sh) -c -s'
LDFLAGS=''
LIBOBJS=''
LIBS=''
LTLIBOBJS=''
MAINT='#'
MAINTAINER_MODE_FALSE=''
MAINTAINER_MODE_TRUE='#'
MAKEINFO='${SHELL} /home/rghunter/time-1.7/missing --run makeinfo'
OBJEXT='o'
PACKAGE='time'
PACKAGE_BUGREPORT=''
PACKAGE_NAME=''
PACKAGE_STRING=''
PACKAGE_TARNAME=''
PACKAGE_VERSION=''
PATH_SEPARATOR=':'
SET_MAKE=''
SHELL='/bin/sh'
STRIP=''
VERSION='1.7'
ac_ct_CC='gcc'
ac_ct_STRIP=''
am__fastdepCC_FALSE='#'
am__fastdepCC_TRUE=''
am__include='include'
am__leading_dot='.'
am__quote=''
bindir='${exec_prefix}/bin'
build_alias=''
datadir='${prefix}/share'
exec_prefix='${prefix}'
host_alias=''
includedir='${prefix}/include'
infodir='${prefix}/info'
install_sh='/home/rghunter/time-1.7/install-sh'
libdir='${exec_prefix}/lib'
libexecdir='${exec_prefix}/libexec'
localstatedir='${prefix}/var'
mandir='${prefix}/man'
oldincludedir='/usr/include'
prefix='/usr/local'
program_transform_name='s,x,x,'
sbindir='${exec_prefix}/sbin'
sharedstatedir='${prefix}/com'
sysconfdir='${prefix}/etc'
target_alias=''

## ----------- ##
## confdefs.h. ##
## ----------- ##

#define HAVE_GETPAGESIZE 1
#define HAVE_INTTYPES_H 1
#define HAVE_MEMORY_H 1
#define HAVE_STDINT_H 1
#define HAVE_STDLIB_H 1
#define HAVE_STRERROR 1
#define HAVE_STRINGS_H 1
#define HAVE_STRING_H 1
#define HAVE_STRING_H 1
#define HAVE_SYS_RESOURCE_H 1
#define HAVE_SYS_STAT_H 1
#define HAVE_SYS_TYPES_H 1
#define HAVE_SYS_WAIT_H 1
#define HAVE_TIMEVAL 1
#define HAVE_UNISTD_H 1
#define HAVE_UNISTD_H 1
#define HAVE_VPRINTF 1
#define HAVE_WAIT3 1
#define PACKAGE "time"
#define PACKAGE_BUGREPORT ""
#define PACKAGE_NAME ""
#define PACKAGE_STRING ""
#define PACKAGE_TARNAME ""
#define PACKAGE_VERSION ""
#define RETSIGTYPE void
#define STDC_HEADERS 1
#define VERSION "1.7"

configure: exit 0
